{
"contracts\\IInternERC20.sol":{"l":{},"path":"D:\\Solidity\\Projects\\DEX-V1\\contracts\\IInternERC20.sol","s":{},"b":{},"f":{},"fnMap":{},"statementMap":{},"branchMap":{}},
"contracts\\IInternExchange.sol":{"l":{},"path":"D:\\Solidity\\Projects\\DEX-V1\\contracts\\IInternExchange.sol","s":{},"b":{},"f":{},"fnMap":{},"statementMap":{},"branchMap":{}},
"contracts\\IInternFactory.sol":{"l":{},"path":"D:\\Solidity\\Projects\\DEX-V1\\contracts\\IInternFactory.sol","s":{},"b":{},"f":{},"fnMap":{},"statementMap":{},"branchMap":{}},
"contracts\\InternERC20.sol":{"l":{"21":28,"22":26,"26":229,"27":227,"36":186,"37":186,"38":186,"39":186,"40":186,"45":1,"49":7,"56":21,"57":21,"58":21,"73":206,"74":206,"75":206,"94":210,"99":4,"103":1,"107":59,"115":14,"116":14,"117":14,"118":14,"126":1,"130":13,"131":13,"139":13,"140":13,"148":12,"149":10,"151":10,"152":10,"154":10,"155":10},"path":"D:\\Solidity\\Projects\\DEX-V1\\contracts\\InternERC20.sol","s":{"1":28,"2":229,"3":186,"4":186,"5":186,"6":186,"7":186,"8":1,"9":7,"10":21,"11":21,"12":21,"13":206,"14":206,"15":206,"16":210,"17":4,"18":1,"19":59,"20":14,"21":14,"22":14,"23":14,"24":1,"25":13,"26":13,"27":13,"28":13,"29":12,"30":10,"31":10,"32":10,"33":10,"34":10},"b":{"1":[26,2],"2":[227,2],"3":[206,0],"4":[10,2]},"f":{"1":28,"2":229,"3":186,"4":1,"5":7,"6":21,"7":206,"8":210,"9":4,"10":1,"11":59,"12":14,"13":1,"14":13,"15":13,"16":12},"fnMap":{"1":{"name":"enoughtTokens","line":20,"loc":{"start":{"line":20,"column":4},"end":{"line":23,"column":4}}},"2":{"name":"onlyWhitelisted","line":25,"loc":{"start":{"line":25,"column":4},"end":{"line":28,"column":4}}},"3":{"name":"constructor","line":31,"loc":{"start":{"line":31,"column":4},"end":{"line":41,"column":4}}},"4":{"name":"name","line":44,"loc":{"start":{"line":44,"column":4},"end":{"line":46,"column":4}}},"5":{"name":"symbol","line":48,"loc":{"start":{"line":48,"column":4},"end":{"line":50,"column":4}}},"6":{"name":"mint","line":54,"loc":{"start":{"line":52,"column":4},"end":{"line":59,"column":4}}},"7":{"name":"addToWhitelist","line":72,"loc":{"start":{"line":72,"column":4},"end":{"line":76,"column":4}}},"8":{"name":"addressWhitelistStatus","line":89,"loc":{"start":{"line":89,"column":4},"end":{"line":95,"column":4}}},"9":{"name":"totalSupply","line":98,"loc":{"start":{"line":98,"column":4},"end":{"line":100,"column":4}}},"10":{"name":"decimals","line":102,"loc":{"start":{"line":102,"column":4},"end":{"line":104,"column":4}}},"11":{"name":"balanceOf","line":106,"loc":{"start":{"line":106,"column":4},"end":{"line":108,"column":4}}},"12":{"name":"transfer","line":112,"loc":{"start":{"line":110,"column":4},"end":{"line":119,"column":4}}},"13":{"name":"allowance","line":121,"loc":{"start":{"line":121,"column":4},"end":{"line":127,"column":4}}},"14":{"name":"approve","line":129,"loc":{"start":{"line":129,"column":4},"end":{"line":132,"column":4}}},"15":{"name":"_approve","line":134,"loc":{"start":{"line":134,"column":4},"end":{"line":141,"column":4}}},"16":{"name":"transferFrom","line":147,"loc":{"start":{"line":143,"column":4},"end":{"line":156,"column":4}}}},"statementMap":{"1":{"start":{"line":21,"column":8},"end":{"line":21,"column":65}},"2":{"start":{"line":26,"column":8},"end":{"line":26,"column":60}},"3":{"start":{"line":36,"column":8},"end":{"line":36,"column":20}},"4":{"start":{"line":37,"column":8},"end":{"line":37,"column":24}},"5":{"start":{"line":38,"column":8},"end":{"line":38,"column":21}},"6":{"start":{"line":39,"column":8},"end":{"line":39,"column":30}},"7":{"start":{"line":40,"column":8},"end":{"line":40,"column":69}},"8":{"start":{"line":45,"column":8},"end":{"line":45,"column":20}},"9":{"start":{"line":49,"column":8},"end":{"line":49,"column":22}},"10":{"start":{"line":56,"column":8},"end":{"line":56,"column":29}},"11":{"start":{"line":57,"column":8},"end":{"line":57,"column":28}},"12":{"start":{"line":58,"column":8},"end":{"line":58,"column":59}},"13":{"start":{"line":73,"column":8},"end":{"line":73,"column":65}},"14":{"start":{"line":74,"column":8},"end":{"line":74,"column":27}},"15":{"start":{"line":75,"column":8},"end":{"line":75,"column":53}},"16":{"start":{"line":94,"column":8},"end":{"line":94,"column":33}},"17":{"start":{"line":99,"column":8},"end":{"line":99,"column":26}},"18":{"start":{"line":103,"column":8},"end":{"line":103,"column":17}},"19":{"start":{"line":107,"column":8},"end":{"line":107,"column":32}},"20":{"start":{"line":115,"column":8},"end":{"line":115,"column":37}},"21":{"start":{"line":116,"column":8},"end":{"line":116,"column":29}},"22":{"start":{"line":117,"column":8},"end":{"line":117,"column":45}},"23":{"start":{"line":118,"column":8},"end":{"line":118,"column":19}},"24":{"start":{"line":126,"column":8},"end":{"line":126,"column":42}},"25":{"start":{"line":130,"column":8},"end":{"line":130,"column":44}},"26":{"start":{"line":131,"column":8},"end":{"line":131,"column":19}},"27":{"start":{"line":139,"column":8},"end":{"line":139,"column":43}},"28":{"start":{"line":140,"column":8},"end":{"line":140,"column":45}},"29":{"start":{"line":148,"column":8},"end":{"line":148,"column":67}},"30":{"start":{"line":149,"column":8},"end":{"line":149,"column":38}},"31":{"start":{"line":151,"column":8},"end":{"line":151,"column":31}},"32":{"start":{"line":152,"column":8},"end":{"line":152,"column":30}},"33":{"start":{"line":154,"column":8},"end":{"line":154,"column":40}},"34":{"start":{"line":155,"column":8},"end":{"line":155,"column":19}}},"branchMap":{"1":{"line":21,"type":"if","locations":[{"start":{"line":21,"column":8},"end":{"line":21,"column":8}},{"start":{"line":21,"column":8},"end":{"line":21,"column":8}}]},"2":{"line":26,"type":"if","locations":[{"start":{"line":26,"column":8},"end":{"line":26,"column":8}},{"start":{"line":26,"column":8},"end":{"line":26,"column":8}}]},"3":{"line":73,"type":"if","locations":[{"start":{"line":73,"column":8},"end":{"line":73,"column":8}},{"start":{"line":73,"column":8},"end":{"line":73,"column":8}}]},"4":{"line":148,"type":"if","locations":[{"start":{"line":148,"column":8},"end":{"line":148,"column":8}},{"start":{"line":148,"column":8},"end":{"line":148,"column":8}}]}}},
"contracts\\InternExchange.sol":{"l":{"51":206,"52":206,"53":206,"54":206,"55":206,"74":63,"75":59,"76":59,"78":59,"80":59,"81":59,"83":59,"85":4,"86":4,"87":4,"88":4,"90":3,"91":3,"93":3,"94":1,"96":2,"99":3,"100":3,"102":3,"110":113,"126":31,"128":28,"129":28,"130":28,"132":28,"143":5,"145":5,"156":5,"158":5,"169":5,"181":5,"195":10,"196":10,"201":8,"202":6,"218":6,"219":6,"224":5,"225":4,"230":2,"252":8,"256":8,"261":5,"262":5,"268":5,"274":5,"295":8,"297":8,"298":8,"300":8,"302":8,"304":7,"305":7,"306":7,"308":7,"316":120,"317":120,"321":120,"331":108,"332":108,"334":108,"346":22,"347":22,"349":22,"351":21,"352":21,"364":74,"365":74,"366":72,"368":2},"path":"D:\\Solidity\\Projects\\DEX-V1\\contracts\\InternExchange.sol","s":{"1":206,"2":206,"3":206,"4":206,"5":206,"6":63,"7":59,"8":59,"9":59,"10":59,"11":59,"12":59,"13":4,"14":4,"15":4,"16":4,"17":3,"18":3,"19":3,"20":1,"21":2,"22":3,"23":3,"24":3,"25":113,"26":31,"27":28,"28":28,"29":28,"30":28,"31":5,"32":5,"33":5,"34":5,"35":5,"36":5,"37":10,"38":10,"39":8,"40":6,"41":6,"42":6,"43":5,"44":4,"45":2,"46":8,"47":8,"48":5,"49":5,"50":5,"51":5,"52":8,"53":8,"54":8,"55":8,"56":8,"57":7,"58":7,"59":7,"60":7,"61":120,"62":120,"63":120,"64":108,"65":108,"66":108,"67":22,"68":22,"69":22,"70":21,"71":21,"72":74,"73":74,"74":72,"75":2},"b":{"1":[206,0],"2":[206,0],"3":[59,4],"4":[3,1],"5":[1,2],"6":[28,3],"7":[5,0],"8":[5,0],"9":[6,2],"10":[4,1],"11":[5,3],"12":[8,0],"13":[21,1],"14":[72,2]},"f":{"1":206,"2":63,"3":113,"4":31,"5":5,"6":5,"7":5,"8":5,"9":10,"10":6,"11":8,"12":8,"13":120,"14":108,"15":22,"16":74},"fnMap":{"1":{"name":"constructor","line":49,"loc":{"start":{"line":48,"column":4},"end":{"line":56,"column":4}}},"2":{"name":"addLiquidity","line":69,"loc":{"start":{"line":69,"column":4},"end":{"line":104,"column":4}}},"3":{"name":"getTokenBalance","line":109,"loc":{"start":{"line":109,"column":4},"end":{"line":111,"column":4}}},"4":{"name":"getAmount","line":121,"loc":{"start":{"line":121,"column":4},"end":{"line":133,"column":4}}},"5":{"name":"getTokenAmount","line":142,"loc":{"start":{"line":142,"column":4},"end":{"line":146,"column":4}}},"6":{"name":"getEtherAmount","line":155,"loc":{"start":{"line":155,"column":4},"end":{"line":159,"column":4}}},"7":{"name":"swapEtherToToken","line":168,"loc":{"start":{"line":168,"column":4},"end":{"line":170,"column":4}}},"8":{"name":"ethToTokenTransfer","line":177,"loc":{"start":{"line":177,"column":4},"end":{"line":182,"column":4}}},"9":{"name":"etherToToken","line":194,"loc":{"start":{"line":194,"column":4},"end":{"line":203,"column":4}}},"10":{"name":"swapTokenToEther","line":215,"loc":{"start":{"line":215,"column":4},"end":{"line":231,"column":4}}},"11":{"name":"swapTokenToToken","line":247,"loc":{"start":{"line":247,"column":4},"end":{"line":277,"column":4}}},"12":{"name":"removeLiquidity","line":291,"loc":{"start":{"line":291,"column":4},"end":{"line":309,"column":4}}},"13":{"name":"getStakedAmount","line":315,"loc":{"start":{"line":315,"column":4},"end":{"line":322,"column":4}}},"14":{"name":"getStakedState","line":330,"loc":{"start":{"line":330,"column":4},"end":{"line":335,"column":4}}},"15":{"name":"withdrawStakedTokens","line":345,"loc":{"start":{"line":345,"column":4},"end":{"line":353,"column":4}}},"16":{"name":"_beforeTokenTransfer","line":359,"loc":{"start":{"line":359,"column":4},"end":{"line":370,"column":4}}}},"statementMap":{"1":{"start":{"line":51,"column":8},"end":{"line":51,"column":54}},"2":{"start":{"line":52,"column":8},"end":{"line":52,"column":61}},"3":{"start":{"line":53,"column":8},"end":{"line":53,"column":28}},"4":{"start":{"line":54,"column":8},"end":{"line":54,"column":42}},"5":{"start":{"line":55,"column":8},"end":{"line":55,"column":34}},"6":{"start":{"line":74,"column":8},"end":{"line":74,"column":2188}},"7":{"start":{"line":75,"column":12},"end":{"line":75,"column":47}},"8":{"start":{"line":76,"column":12},"end":{"line":76,"column":70}},"9":{"start":{"line":78,"column":12},"end":{"line":78,"column":54}},"10":{"start":{"line":80,"column":12},"end":{"line":80,"column":53}},"11":{"start":{"line":81,"column":12},"end":{"line":81,"column":39}},"12":{"start":{"line":83,"column":12},"end":{"line":83,"column":28}},"13":{"start":{"line":85,"column":12},"end":{"line":85,"column":68}},"14":{"start":{"line":86,"column":12},"end":{"line":86,"column":52}},"15":{"start":{"line":87,"column":12},"end":{"line":87,"column":75}},"16":{"start":{"line":88,"column":12},"end":{"line":88,"column":75}},"17":{"start":{"line":90,"column":12},"end":{"line":90,"column":47}},"18":{"start":{"line":91,"column":12},"end":{"line":91,"column":69}},"19":{"start":{"line":93,"column":12},"end":{"line":93,"column":2981}},"20":{"start":{"line":94,"column":16},"end":{"line":94,"column":58}},"21":{"start":{"line":96,"column":16},"end":{"line":96,"column":41}},"22":{"start":{"line":99,"column":12},"end":{"line":99,"column":74}},"23":{"start":{"line":100,"column":12},"end":{"line":100,"column":39}},"24":{"start":{"line":102,"column":12},"end":{"line":102,"column":28}},"25":{"start":{"line":110,"column":8},"end":{"line":110,"column":60}},"26":{"start":{"line":126,"column":8},"end":{"line":126,"column":70}},"27":{"start":{"line":128,"column":8},"end":{"line":128,"column":54}},"28":{"start":{"line":129,"column":8},"end":{"line":129,"column":62}},"29":{"start":{"line":130,"column":8},"end":{"line":130,"column":72}},"30":{"start":{"line":132,"column":8},"end":{"line":132,"column":38}},"31":{"start":{"line":143,"column":8},"end":{"line":143,"column":47}},"32":{"start":{"line":145,"column":8},"end":{"line":145,"column":77}},"33":{"start":{"line":156,"column":8},"end":{"line":156,"column":51}},"34":{"start":{"line":158,"column":8},"end":{"line":158,"column":78}},"35":{"start":{"line":169,"column":8},"end":{"line":169,"column":48}},"36":{"start":{"line":181,"column":8},"end":{"line":181,"column":43}},"37":{"start":{"line":195,"column":8},"end":{"line":195,"column":48}},"38":{"start":{"line":196,"column":8},"end":{"line":196,"column":6230}},"39":{"start":{"line":201,"column":8},"end":{"line":201,"column":75}},"40":{"start":{"line":202,"column":8},"end":{"line":202,"column":61}},"41":{"start":{"line":218,"column":8},"end":{"line":218,"column":48}},"42":{"start":{"line":219,"column":8},"end":{"line":219,"column":7024}},"43":{"start":{"line":224,"column":8},"end":{"line":224,"column":74}},"44":{"start":{"line":225,"column":8},"end":{"line":225,"column":7243}},"45":{"start":{"line":230,"column":8},"end":{"line":230,"column":48}},"46":{"start":{"line":252,"column":8},"end":{"line":252,"column":8134}},"47":{"start":{"line":256,"column":8},"end":{"line":256,"column":8253}},"48":{"start":{"line":261,"column":8},"end":{"line":261,"column":48}},"49":{"start":{"line":262,"column":8},"end":{"line":262,"column":8456}},"50":{"start":{"line":268,"column":8},"end":{"line":268,"column":8600}},"51":{"start":{"line":274,"column":8},"end":{"line":274,"column":8765}},"52":{"start":{"line":295,"column":8},"end":{"line":295,"column":46}},"53":{"start":{"line":297,"column":8},"end":{"line":297,"column":77}},"54":{"start":{"line":298,"column":8},"end":{"line":298,"column":75}},"55":{"start":{"line":300,"column":8},"end":{"line":300,"column":33}},"56":{"start":{"line":302,"column":8},"end":{"line":302,"column":33}},"57":{"start":{"line":304,"column":8},"end":{"line":304,"column":46}},"58":{"start":{"line":305,"column":8},"end":{"line":305,"column":43}},"59":{"start":{"line":306,"column":8},"end":{"line":306,"column":46}},"60":{"start":{"line":308,"column":8},"end":{"line":308,"column":39}},"61":{"start":{"line":316,"column":8},"end":{"line":316,"column":62}},"62":{"start":{"line":317,"column":8},"end":{"line":317,"column":10101}},"63":{"start":{"line":321,"column":8},"end":{"line":321,"column":24}},"64":{"start":{"line":331,"column":8},"end":{"line":331,"column":54}},"65":{"start":{"line":332,"column":8},"end":{"line":332,"column":45}},"66":{"start":{"line":334,"column":8},"end":{"line":334,"column":39}},"67":{"start":{"line":346,"column":8},"end":{"line":346,"column":63}},"68":{"start":{"line":347,"column":8},"end":{"line":347,"column":52}},"69":{"start":{"line":349,"column":8},"end":{"line":349,"column":49}},"70":{"start":{"line":351,"column":8},"end":{"line":351,"column":39}},"71":{"start":{"line":352,"column":8},"end":{"line":352,"column":38}},"72":{"start":{"line":364,"column":8},"end":{"line":364,"column":27}},"73":{"start":{"line":365,"column":8},"end":{"line":365,"column":11500}},"74":{"start":{"line":366,"column":12},"end":{"line":366,"column":46}},"75":{"start":{"line":368,"column":12},"end":{"line":368,"column":29}}},"branchMap":{"1":{"line":51,"type":"if","locations":[{"start":{"line":51,"column":8},"end":{"line":51,"column":8}},{"start":{"line":51,"column":8},"end":{"line":51,"column":8}}]},"2":{"line":52,"type":"if","locations":[{"start":{"line":52,"column":8},"end":{"line":52,"column":8}},{"start":{"line":52,"column":8},"end":{"line":52,"column":8}}]},"3":{"line":74,"type":"if","locations":[{"start":{"line":74,"column":8},"end":{"line":74,"column":8}},{"start":{"line":74,"column":8},"end":{"line":74,"column":8}}]},"4":{"line":88,"type":"if","locations":[{"start":{"line":88,"column":12},"end":{"line":88,"column":12}},{"start":{"line":88,"column":12},"end":{"line":88,"column":12}}]},"5":{"line":93,"type":"if","locations":[{"start":{"line":93,"column":12},"end":{"line":93,"column":12}},{"start":{"line":93,"column":12},"end":{"line":93,"column":12}}]},"6":{"line":126,"type":"if","locations":[{"start":{"line":126,"column":8},"end":{"line":126,"column":8}},{"start":{"line":126,"column":8},"end":{"line":126,"column":8}}]},"7":{"line":143,"type":"if","locations":[{"start":{"line":143,"column":8},"end":{"line":143,"column":8}},{"start":{"line":143,"column":8},"end":{"line":143,"column":8}}]},"8":{"line":156,"type":"if","locations":[{"start":{"line":156,"column":8},"end":{"line":156,"column":8}},{"start":{"line":156,"column":8},"end":{"line":156,"column":8}}]},"9":{"line":201,"type":"if","locations":[{"start":{"line":201,"column":8},"end":{"line":201,"column":8}},{"start":{"line":201,"column":8},"end":{"line":201,"column":8}}]},"10":{"line":224,"type":"if","locations":[{"start":{"line":224,"column":8},"end":{"line":224,"column":8}},{"start":{"line":224,"column":8},"end":{"line":224,"column":8}}]},"11":{"line":256,"type":"if","locations":[{"start":{"line":256,"column":8},"end":{"line":256,"column":8}},{"start":{"line":256,"column":8},"end":{"line":256,"column":8}}]},"12":{"line":295,"type":"if","locations":[{"start":{"line":295,"column":8},"end":{"line":295,"column":8}},{"start":{"line":295,"column":8},"end":{"line":295,"column":8}}]},"13":{"line":349,"type":"if","locations":[{"start":{"line":349,"column":8},"end":{"line":349,"column":8}},{"start":{"line":349,"column":8},"end":{"line":349,"column":8}}]},"14":{"line":365,"type":"if","locations":[{"start":{"line":365,"column":8},"end":{"line":365,"column":8}},{"start":{"line":365,"column":8},"end":{"line":365,"column":8}}]}}},
"contracts\\InternFactory.sol":{"l":{"42":208,"43":207,"48":206,"49":206,"54":206,"55":206,"56":206,"57":206,"64":9},"path":"D:\\Solidity\\Projects\\DEX-V1\\contracts\\InternFactory.sol","s":{"1":208,"2":207,"3":206,"4":206,"5":206,"6":206,"7":206,"8":206,"9":9},"b":{"1":[207,1],"2":[206,1],"3":[206,0]},"f":{"1":186,"2":208,"3":9},"fnMap":{"1":{"name":"constructor","line":25,"loc":{"start":{"line":25,"column":4},"end":{"line":25,"column":69}}},"2":{"name":"createExchange","line":41,"loc":{"start":{"line":41,"column":4},"end":{"line":58,"column":4}}},"3":{"name":"getExchange","line":63,"loc":{"start":{"line":63,"column":4},"end":{"line":65,"column":4}}}},"statementMap":{"1":{"start":{"line":42,"column":8},"end":{"line":42,"column":63}},"2":{"start":{"line":43,"column":8},"end":{"line":43,"column":1248}},"3":{"start":{"line":48,"column":8},"end":{"line":48,"column":57}},"4":{"start":{"line":49,"column":8},"end":{"line":49,"column":1438}},"5":{"start":{"line":54,"column":8},"end":{"line":54,"column":77}},"6":{"start":{"line":55,"column":8},"end":{"line":55,"column":52}},"7":{"start":{"line":56,"column":8},"end":{"line":56,"column":42}},"8":{"start":{"line":57,"column":8},"end":{"line":57,"column":27}},"9":{"start":{"line":64,"column":8},"end":{"line":64,"column":45}}},"branchMap":{"1":{"line":42,"type":"if","locations":[{"start":{"line":42,"column":8},"end":{"line":42,"column":8}},{"start":{"line":42,"column":8},"end":{"line":42,"column":8}}]},"2":{"line":43,"type":"if","locations":[{"start":{"line":43,"column":8},"end":{"line":43,"column":8}},{"start":{"line":43,"column":8},"end":{"line":43,"column":8}}]},"3":{"line":49,"type":"if","locations":[{"start":{"line":49,"column":8},"end":{"line":49,"column":8}},{"start":{"line":49,"column":8},"end":{"line":49,"column":8}}]}}},
"contracts\\Token.sol":{"l":{"13":186},"path":"D:\\Solidity\\Projects\\DEX-V1\\contracts\\Token.sol","s":{"1":186},"b":{},"f":{"1":186},"fnMap":{"1":{"name":"constructor","line":12,"loc":{"start":{"line":8,"column":4},"end":{"line":14,"column":4}}}},"statementMap":{"1":{"start":{"line":13,"column":8},"end":{"line":13,"column":39}}},"branchMap":{}}}
