TN:
SF:D:\Solidity\Projects\DEX-V1\contracts\IInternERC20.sol
FNF:0
FNH:0
LF:0
LH:0
BRF:0
BRH:0
end_of_record
TN:
SF:D:\Solidity\Projects\DEX-V1\contracts\IInternExchange.sol
FNF:0
FNH:0
LF:0
LH:0
BRF:0
BRH:0
end_of_record
TN:
SF:D:\Solidity\Projects\DEX-V1\contracts\IInternFactory.sol
FNF:0
FNH:0
LF:0
LH:0
BRF:0
BRH:0
end_of_record
TN:
SF:D:\Solidity\Projects\DEX-V1\contracts\InternERC20.sol
FN:20,enoughtTokens
FN:25,onlyWhitelisted
FN:31,constructor
FN:44,name
FN:48,symbol
FN:54,mint
FN:72,addToWhitelist
FN:89,addressWhitelistStatus
FN:98,totalSupply
FN:102,decimals
FN:106,balanceOf
FN:112,transfer
FN:121,allowance
FN:129,approve
FN:134,_approve
FN:147,transferFrom
FNF:16
FNH:16
FNDA:28,enoughtTokens
FNDA:229,onlyWhitelisted
FNDA:186,constructor
FNDA:1,name
FNDA:7,symbol
FNDA:21,mint
FNDA:206,addToWhitelist
FNDA:210,addressWhitelistStatus
FNDA:4,totalSupply
FNDA:1,decimals
FNDA:59,balanceOf
FNDA:14,transfer
FNDA:1,allowance
FNDA:13,approve
FNDA:13,_approve
FNDA:12,transferFrom
DA:21,28
DA:22,26
DA:26,229
DA:27,227
DA:36,186
DA:37,186
DA:38,186
DA:39,186
DA:40,186
DA:45,1
DA:49,7
DA:56,21
DA:57,21
DA:58,21
DA:73,206
DA:74,206
DA:75,206
DA:94,210
DA:99,4
DA:103,1
DA:107,59
DA:115,14
DA:116,14
DA:117,14
DA:118,14
DA:126,1
DA:130,13
DA:131,13
DA:139,13
DA:140,13
DA:148,12
DA:149,10
DA:151,10
DA:152,10
DA:154,10
DA:155,10
LF:36
LH:36
BRDA:21,1,0,26
BRDA:21,1,1,2
BRDA:26,2,0,227
BRDA:26,2,1,2
BRDA:73,3,0,206
BRDA:73,3,1,0
BRDA:148,4,0,10
BRDA:148,4,1,2
BRF:8
BRH:7
end_of_record
TN:
SF:D:\Solidity\Projects\DEX-V1\contracts\InternExchange.sol
FN:49,constructor
FN:69,addLiquidity
FN:109,getTokenBalance
FN:121,getAmount
FN:142,getTokenAmount
FN:155,getEtherAmount
FN:168,swapEtherToToken
FN:177,ethToTokenTransfer
FN:194,etherToToken
FN:215,swapTokenToEther
FN:247,swapTokenToToken
FN:291,removeLiquidity
FN:315,getStakedAmount
FN:330,getStakedState
FN:345,withdrawStakedTokens
FN:359,_beforeTokenTransfer
FNF:16
FNH:16
FNDA:206,constructor
FNDA:63,addLiquidity
FNDA:113,getTokenBalance
FNDA:31,getAmount
FNDA:5,getTokenAmount
FNDA:5,getEtherAmount
FNDA:5,swapEtherToToken
FNDA:5,ethToTokenTransfer
FNDA:10,etherToToken
FNDA:6,swapTokenToEther
FNDA:8,swapTokenToToken
FNDA:8,removeLiquidity
FNDA:120,getStakedAmount
FNDA:108,getStakedState
FNDA:22,withdrawStakedTokens
FNDA:74,_beforeTokenTransfer
DA:51,206
DA:52,206
DA:53,206
DA:54,206
DA:55,206
DA:74,63
DA:75,59
DA:76,59
DA:78,59
DA:80,59
DA:81,59
DA:83,59
DA:85,4
DA:86,4
DA:87,4
DA:88,4
DA:90,3
DA:91,3
DA:93,3
DA:94,1
DA:96,2
DA:99,3
DA:100,3
DA:102,3
DA:110,113
DA:126,31
DA:128,28
DA:129,28
DA:130,28
DA:132,28
DA:143,5
DA:145,5
DA:156,5
DA:158,5
DA:169,5
DA:181,5
DA:195,10
DA:196,10
DA:201,8
DA:202,6
DA:218,6
DA:219,6
DA:224,5
DA:225,4
DA:230,2
DA:252,8
DA:256,8
DA:261,5
DA:262,5
DA:268,5
DA:274,5
DA:295,8
DA:297,8
DA:298,8
DA:300,8
DA:302,8
DA:304,7
DA:305,7
DA:306,7
DA:308,7
DA:316,120
DA:317,120
DA:321,120
DA:331,108
DA:332,108
DA:334,108
DA:346,22
DA:347,22
DA:349,22
DA:351,21
DA:352,21
DA:364,74
DA:365,74
DA:366,72
DA:368,2
LF:75
LH:75
BRDA:51,1,0,206
BRDA:51,1,1,0
BRDA:52,2,0,206
BRDA:52,2,1,0
BRDA:74,3,0,59
BRDA:74,3,1,4
BRDA:88,4,0,3
BRDA:88,4,1,1
BRDA:93,5,0,1
BRDA:93,5,1,2
BRDA:126,6,0,28
BRDA:126,6,1,3
BRDA:143,7,0,5
BRDA:143,7,1,0
BRDA:156,8,0,5
BRDA:156,8,1,0
BRDA:201,9,0,6
BRDA:201,9,1,2
BRDA:224,10,0,4
BRDA:224,10,1,1
BRDA:256,11,0,5
BRDA:256,11,1,3
BRDA:295,12,0,8
BRDA:295,12,1,0
BRDA:349,13,0,21
BRDA:349,13,1,1
BRDA:365,14,0,72
BRDA:365,14,1,2
BRF:28
BRH:23
end_of_record
TN:
SF:D:\Solidity\Projects\DEX-V1\contracts\InternFactory.sol
FN:25,constructor
FN:41,createExchange
FN:63,getExchange
FNF:3
FNH:3
FNDA:186,constructor
FNDA:208,createExchange
FNDA:9,getExchange
DA:42,208
DA:43,207
DA:48,206
DA:49,206
DA:54,206
DA:55,206
DA:56,206
DA:57,206
DA:64,9
LF:9
LH:9
BRDA:42,1,0,207
BRDA:42,1,1,1
BRDA:43,2,0,206
BRDA:43,2,1,1
BRDA:49,3,0,206
BRDA:49,3,1,0
BRF:6
BRH:5
end_of_record
TN:
SF:D:\Solidity\Projects\DEX-V1\contracts\Token.sol
FN:12,constructor
FNF:1
FNH:1
FNDA:186,constructor
DA:13,186
LF:1
LH:1
BRF:0
BRH:0
end_of_record
